# JRE version: Java(TM) SE Runtime Environment (8.0_72-b15) (build 1.8.0_72-b15)
# Java VM: Java HotSpot(TM) 64-Bit Server VM (25.72-b15 mixed mode windows-amd64 compressed oops)
Heap:
 PSYoungGen      total 140800K, used 108939K [0x00000000d6800000, 0x00000000dfd00000, 0x0000000100000000)
  eden space 130048K, 83% used [0x00000000d6800000,0x00000000dd262de8,0x00000000de700000)
  from space 10752K, 0% used [0x00000000de700000,0x00000000de700000,0x00000000df180000)
  to   space 9728K, 0% used [0x00000000df180000,0x00000000df180000,0x00000000dfb00000)
 ParOldGen       total 62976K, used 14054K [0x0000000083800000, 0x0000000087580000, 0x00000000d6800000)
  object space 62976K, 22% used [0x0000000083800000,0x00000000845b9bc8,0x0000000087580000)
 Metaspace       used 25639K, capacity 26592K, committed 26880K, reserved 1073152K
  class space    used 2938K, capacity 3247K, committed 3328K, reserved 1048576K
GC Heap History (10 events):
Event: 2.084 GC heap before
{Heap before GC invocations=4 (full 0):
 PSYoungGen      total 37888K, used 37864K [0x00000000d6800000, 0x00000000db200000, 0x0000000100000000)
  eden space 32768K, 100% used [0x00000000d6800000,0x00000000d8800000,0x00000000d8800000)
  from space 5120K, 99% used [0x00000000d8800000,0x00000000d8cfa020,0x00000000d8d00000)
  to   space 5120K, 0% used [0x00000000dad00000,0x00000000dad00000,0x00000000db200000)
 ParOldGen       total 86016K, used 4572K [0x0000000083800000, 0x0000000088c00000, 0x00000000d6800000)
  object space 86016K, 5% used [0x0000000083800000,0x0000000083c770c8,0x0000000088c00000)
 Metaspace       used 16862K, capacity 17210K, committed 17536K, reserved 1064960K
  class space    used 2007K, capacity 2114K, committed 2176K, reserved 1048576K
Event: 2.092 GC heap after
Heap after GC invocations=4 (full 0):
 PSYoungGen      total 70656K, used 5088K [0x00000000d6800000, 0x00000000db200000, 0x0000000100000000)
  eden space 65536K, 0% used [0x00000000d6800000,0x00000000d6800000,0x00000000da800000)
  from space 5120K, 99% used [0x00000000dad00000,0x00000000db1f8030,0x00000000db200000)
  to   space 5120K, 0% used [0x00000000da800000,0x00000000da800000,0x00000000dad00000)
 ParOldGen       total 86016K, used 7551K [0x0000000083800000, 0x0000000088c00000, 0x00000000d6800000)
  object space 86016K, 8% used [0x0000000083800000,0x0000000083f5ffc8,0x0000000088c00000)
 Metaspace       used 16862K, capacity 17210K, committed 17536K, reserved 1064960K
  class space    used 2007K, capacity 2114K, committed 2176K, reserved 1048576K
}
Event: 2.787 GC heap before
{Heap before GC invocations=5 (full 0):
 PSYoungGen      total 70656K, used 70624K [0x00000000d6800000, 0x00000000db200000, 0x0000000100000000)
  eden space 65536K, 100% used [0x00000000d6800000,0x00000000da800000,0x00000000da800000)
  from space 5120K, 99% used [0x00000000dad00000,0x00000000db1f8030,0x00000000db200000)
  to   space 5120K, 0% used [0x00000000da800000,0x00000000da800000,0x00000000dad00000)
 ParOldGen       total 86016K, used 7551K [0x0000000083800000, 0x0000000088c00000, 0x00000000d6800000)
  object space 86016K, 8% used [0x0000000083800000,0x0000000083f5ffc8,0x0000000088c00000)
 Metaspace       used 18258K, capacity 18788K, committed 18944K, reserved 1067008K
  class space    used 2094K, capacity 2230K, committed 2304K, reserved 1048576K
Event: 2.796 GC heap after
Heap after GC invocations=5 (full 0):
 PSYoungGen      total 70656K, used 5112K [0x00000000d6800000, 0x00000000dfb00000, 0x0000000100000000)
  eden space 65536K, 0% used [0x00000000d6800000,0x00000000d6800000,0x00000000da800000)
  from space 5120K, 99% used [0x00000000da800000,0x00000000dacfe030,0x00000000dad00000)
  to   space 9728K, 0% used [0x00000000df180000,0x00000000df180000,0x00000000dfb00000)
 ParOldGen       total 86016K, used 10841K [0x0000000083800000, 0x0000000088c00000, 0x00000000d6800000)
  object space 86016K, 12% used [0x0000000083800000,0x00000000842967a0,0x0000000088c00000)
 Metaspace       used 18258K, capacity 18788K, committed 18944K, reserved 1067008K
  class space    used 2094K, capacity 2230K, committed 2304K, reserved 1048576K
}
Event: 3.566 GC heap before
{Heap before GC invocations=6 (full 0):
 PSYoungGen      total 70656K, used 70648K [0x00000000d6800000, 0x00000000dfb00000, 0x0000000100000000)
  eden space 65536K, 100% used [0x00000000d6800000,0x00000000da800000,0x00000000da800000)
  from space 5120K, 99% used [0x00000000da800000,0x00000000dacfe030,0x00000000dad00000)
  to   space 9728K, 0% used [0x00000000df180000,0x00000000df180000,0x00000000dfb00000)
 ParOldGen       total 86016K, used 10841K [0x0000000083800000, 0x0000000088c00000, 0x00000000d6800000)
  object space 86016K, 12% used [0x0000000083800000,0x00000000842967a0,0x0000000088c00000)
 Metaspace       used 19391K, capacity 20026K, committed 20096K, reserved 1067008K
  class space    used 2220K, capacity 2407K, committed 2432K, reserved 1048576K
Event: 3.579 GC heap after
Heap after GC invocations=6 (full 0):
 PSYoungGen      total 139776K, used 9213K [0x00000000d6800000, 0x00000000dfd00000, 0x0000000100000000)
  eden space 130048K, 0% used [0x00000000d6800000,0x00000000d6800000,0x00000000de700000)
  from space 9728K, 94% used [0x00000000df180000,0x00000000dfa7f678,0x00000000dfb00000)
  to   space 10752K, 0% used [0x00000000de700000,0x00000000de700000,0x00000000df180000)
 ParOldGen       total 86016K, used 10849K [0x0000000083800000, 0x0000000088c00000, 0x00000000d6800000)
  object space 86016K, 12% used [0x0000000083800000,0x00000000842987a0,0x0000000088c00000)
 Metaspace       used 19391K, capacity 20026K, committed 20096K, reserved 1067008K
  class space    used 2220K, capacity 2407K, committed 2432K, reserved 1048576K
}
Event: 3.947 GC heap before
{Heap before GC invocations=7 (full 0):
 PSYoungGen      total 139776K, used 47915K [0x00000000d6800000, 0x00000000dfd00000, 0x0000000100000000)
  eden space 130048K, 29% used [0x00000000d6800000,0x00000000d8dcb7f8,0x00000000de700000)
  from space 9728K, 94% used [0x00000000df180000,0x00000000dfa7f678,0x00000000dfb00000)
  to   space 10752K, 0% used [0x00000000de700000,0x00000000de700000,0x00000000df180000)
 ParOldGen       total 86016K, used 10849K [0x0000000083800000, 0x0000000088c00000, 0x00000000d6800000)
  object space 86016K, 12% used [0x0000000083800000,0x00000000842987a0,0x0000000088c00000)
 Metaspace       used 20416K, capacity 21160K, committed 21248K, reserved 1069056K
  class space    used 2306K, capacity 2525K, committed 2560K, reserved 1048576K
Event: 3.963 GC heap after
Heap after GC invocations=7 (full 0):
 PSYoungGen      total 140800K, used 8512K [0x00000000d6800000, 0x00000000dfd00000, 0x0000000100000000)
  eden space 130048K, 0% used [0x00000000d6800000,0x00000000d6800000,0x00000000de700000)
  from space 10752K, 79% used [0x00000000de700000,0x00000000def502c8,0x00000000df180000)
  to   space 9728K, 0% used [0x00000000df180000,0x00000000df180000,0x00000000dfb00000)
 ParOldGen       total 86016K, used 12650K [0x0000000083800000, 0x0000000088c00000, 0x00000000d6800000)
  object space 86016K, 14% used [0x0000000083800000,0x000000008445abd0,0x0000000088c00000)
 Metaspace       used 20416K, capacity 21160K, committed 21248K, reserved 1069056K
  class space    used 2306K, capacity 2525K, committed 2560K, reserved 1048576K
}
Event: 3.963 GC heap before
{Heap before GC invocations=8 (full 1):
 PSYoungGen      total 140800K, used 8512K [0x00000000d6800000, 0x00000000dfd00000, 0x0000000100000000)
  eden space 130048K, 0% used [0x00000000d6800000,0x00000000d6800000,0x00000000de700000)
  from space 10752K, 79% used [0x00000000de700000,0x00000000def502c8,0x00000000df180000)
  to   space 9728K, 0% used [0x00000000df180000,0x00000000df180000,0x00000000dfb00000)
 ParOldGen       total 86016K, used 12650K [0x0000000083800000, 0x0000000088c00000, 0x00000000d6800000)
  object space 86016K, 14% used [0x0000000083800000,0x000000008445abd0,0x0000000088c00000)
 Metaspace       used 20416K, capacity 21160K, committed 21248K, reserved 1069056K
  class space    used 2306K, capacity 2525K, committed 2560K, reserved 1048576K
Event: 4.006 GC heap after
Heap after GC invocations=8 (full 1):
 PSYoungGen      total 140800K, used 0K [0x00000000d6800000, 0x00000000dfd00000, 0x0000000100000000)
  eden space 130048K, 0% used [0x00000000d6800000,0x00000000d6800000,0x00000000de700000)
  from space 10752K, 0% used [0x00000000de700000,0x00000000de700000,0x00000000df180000)
  to   space 9728K, 0% used [0x00000000df180000,0x00000000df180000,0x00000000dfb00000)
 ParOldGen       total 62976K, used 14054K [0x0000000083800000, 0x0000000087580000, 0x00000000d6800000)
  object space 62976K, 22% used [0x0000000083800000,0x00000000845b9bc8,0x0000000087580000)
 Metaspace       used 20416K, capacity 21160K, committed 21248K, reserved 1069056K
  class space    used 2306K, capacity 2525K, committed 2560K, reserved 1048576K
}

