# JRE version: Java(TM) SE Runtime Environment (8.0_72-b15) (build 1.8.0_72-b15)
# Java VM: Java HotSpot(TM) 64-Bit Server VM (25.72-b15 mixed mode windows-amd64 compressed oops)
Heap:
 PSYoungGen      total 61952K, used 11490K [0x00000000d6800000, 0x00000000dea80000, 0x0000000100000000)
  eden space 56832K, 11% used [0x00000000d6800000,0x00000000d6e3d030,0x00000000d9f80000)
  from space 5120K, 99% used [0x00000000dad00000,0x00000000db1fb8a0,0x00000000db200000)
  to   space 13824K, 0% used [0x00000000d9f80000,0x00000000d9f80000,0x00000000dad00000)
 ParOldGen       total 64512K, used 27118K [0x0000000083800000, 0x0000000087700000, 0x00000000d6800000)
  object space 64512K, 42% used [0x0000000083800000,0x000000008527b918,0x0000000087700000)
 Metaspace       used 25486K, capacity 26416K, committed 26624K, reserved 1073152K
  class space    used 2925K, capacity 3235K, committed 3328K, reserved 1048576K
GC Heap History (10 events):
Event: 2.998 GC heap before
{Heap before GC invocations=5 (full 0):
 PSYoungGen      total 70656K, used 70632K [0x00000000d6800000, 0x00000000db200000, 0x0000000100000000)
  eden space 65536K, 100% used [0x00000000d6800000,0x00000000da800000,0x00000000da800000)
  from space 5120K, 99% used [0x00000000dad00000,0x00000000db1fa040,0x00000000db200000)
  to   space 5120K, 0% used [0x00000000da800000,0x00000000da800000,0x00000000dad00000)
 ParOldGen       total 86016K, used 7568K [0x0000000083800000, 0x0000000088c00000, 0x00000000d6800000)
  object space 86016K, 8% used [0x0000000083800000,0x0000000083f641f0,0x0000000088c00000)
 Metaspace       used 18258K, capacity 18820K, committed 18944K, reserved 1067008K
  class space    used 2095K, capacity 2262K, committed 2304K, reserved 1048576K
Event: 3.009 GC heap after
Heap after GC invocations=5 (full 0):
 PSYoungGen      total 70656K, used 5112K [0x00000000d6800000, 0x00000000db200000, 0x0000000100000000)
  eden space 65536K, 0% used [0x00000000d6800000,0x00000000d6800000,0x00000000da800000)
  from space 5120K, 99% used [0x00000000da800000,0x00000000dacfe050,0x00000000dad00000)
  to   space 5120K, 0% used [0x00000000dad00000,0x00000000dad00000,0x00000000db200000)
 ParOldGen       total 86016K, used 11240K [0x0000000083800000, 0x0000000088c00000, 0x00000000d6800000)
  object space 86016K, 13% used [0x0000000083800000,0x00000000842fa0e0,0x0000000088c00000)
 Metaspace       used 18258K, capacity 18820K, committed 18944K, reserved 1067008K
  class space    used 2095K, capacity 2262K, committed 2304K, reserved 1048576K
}
Event: 3.771 GC heap before
{Heap before GC invocations=6 (full 0):
 PSYoungGen      total 70656K, used 70648K [0x00000000d6800000, 0x00000000db200000, 0x0000000100000000)
  eden space 65536K, 100% used [0x00000000d6800000,0x00000000da800000,0x00000000da800000)
  from space 5120K, 99% used [0x00000000da800000,0x00000000dacfe050,0x00000000dad00000)
  to   space 5120K, 0% used [0x00000000dad00000,0x00000000dad00000,0x00000000db200000)
 ParOldGen       total 86016K, used 11240K [0x0000000083800000, 0x0000000088c00000, 0x00000000d6800000)
  object space 86016K, 13% used [0x0000000083800000,0x00000000842fa0e0,0x0000000088c00000)
 Metaspace       used 19446K, capacity 20146K, committed 20480K, reserved 1067008K
  class space    used 2232K, capacity 2447K, committed 2560K, reserved 1048576K
Event: 3.787 GC heap after
Heap after GC invocations=6 (full 0):
 PSYoungGen      total 70656K, used 5096K [0x00000000d6800000, 0x00000000db200000, 0x0000000100000000)
  eden space 65536K, 0% used [0x00000000d6800000,0x00000000d6800000,0x00000000da800000)
  from space 5120K, 99% used [0x00000000dad00000,0x00000000db1fa060,0x00000000db200000)
  to   space 5120K, 0% used [0x00000000da800000,0x00000000da800000,0x00000000dad00000)
 ParOldGen       total 86016K, used 15288K [0x0000000083800000, 0x0000000088c00000, 0x00000000d6800000)
  object space 86016K, 17% used [0x0000000083800000,0x00000000846ee1a0,0x0000000088c00000)
 Metaspace       used 19446K, capacity 20146K, committed 20480K, reserved 1067008K
  class space    used 2232K, capacity 2447K, committed 2560K, reserved 1048576K
}
Event: 4.038 GC heap before
{Heap before GC invocations=7 (full 0):
 PSYoungGen      total 70656K, used 33189K [0x00000000d6800000, 0x00000000db200000, 0x0000000100000000)
  eden space 65536K, 42% used [0x00000000d6800000,0x00000000d836f630,0x00000000da800000)
  from space 5120K, 99% used [0x00000000dad00000,0x00000000db1fa060,0x00000000db200000)
  to   space 5120K, 0% used [0x00000000da800000,0x00000000da800000,0x00000000dad00000)
 ParOldGen       total 86016K, used 15288K [0x0000000083800000, 0x0000000088c00000, 0x00000000d6800000)
  object space 86016K, 17% used [0x0000000083800000,0x00000000846ee1a0,0x0000000088c00000)
 Metaspace       used 20395K, capacity 21206K, committed 21248K, reserved 1069056K
  class space    used 2306K, capacity 2522K, committed 2560K, reserved 1048576K
Event: 4.054 GC heap after
Heap after GC invocations=7 (full 0):
 PSYoungGen      total 70656K, used 5104K [0x00000000d6800000, 0x00000000db200000, 0x0000000100000000)
  eden space 65536K, 0% used [0x00000000d6800000,0x00000000d6800000,0x00000000da800000)
  from space 5120K, 99% used [0x00000000da800000,0x00000000dacfc350,0x00000000dad00000)
  to   space 5120K, 0% used [0x00000000dad00000,0x00000000dad00000,0x00000000db200000)
 ParOldGen       total 86016K, used 17132K [0x0000000083800000, 0x0000000088c00000, 0x00000000d6800000)
  object space 86016K, 19% used [0x0000000083800000,0x00000000848bb138,0x0000000088c00000)
 Metaspace       used 20395K, capacity 21206K, committed 21248K, reserved 1069056K
  class space    used 2306K, capacity 2522K, committed 2560K, reserved 1048576K
}
Event: 4.055 GC heap before
{Heap before GC invocations=8 (full 1):
 PSYoungGen      total 70656K, used 5104K [0x00000000d6800000, 0x00000000db200000, 0x0000000100000000)
  eden space 65536K, 0% used [0x00000000d6800000,0x00000000d6800000,0x00000000da800000)
  from space 5120K, 99% used [0x00000000da800000,0x00000000dacfc350,0x00000000dad00000)
  to   space 5120K, 0% used [0x00000000dad00000,0x00000000dad00000,0x00000000db200000)
 ParOldGen       total 86016K, used 17132K [0x0000000083800000, 0x0000000088c00000, 0x00000000d6800000)
  object space 86016K, 19% used [0x0000000083800000,0x00000000848bb138,0x0000000088c00000)
 Metaspace       used 20395K, capacity 21206K, committed 21248K, reserved 1069056K
  class space    used 2306K, capacity 2522K, committed 2560K, reserved 1048576K
Event: 4.114 GC heap after
Heap after GC invocations=8 (full 1):
 PSYoungGen      total 70656K, used 0K [0x00000000d6800000, 0x00000000db200000, 0x0000000100000000)
  eden space 65536K, 0% used [0x00000000d6800000,0x00000000d6800000,0x00000000da800000)
  from space 5120K, 0% used [0x00000000da800000,0x00000000da800000,0x00000000dad00000)
  to   space 5120K, 0% used [0x00000000dad00000,0x00000000dad00000,0x00000000db200000)
 ParOldGen       total 64512K, used 14721K [0x0000000083800000, 0x0000000087700000, 0x00000000d6800000)
  object space 64512K, 22% used [0x0000000083800000,0x00000000846604e0,0x0000000087700000)
 Metaspace       used 20395K, capacity 21206K, committed 21248K, reserved 1069056K
  class space    used 2306K, capacity 2522K, committed 2560K, reserved 1048576K
}
Event: 4.642 GC heap before
{Heap before GC invocations=9 (full 1):
 PSYoungGen      total 70656K, used 64590K [0x00000000d6800000, 0x00000000db200000, 0x0000000100000000)
  eden space 65536K, 98% used [0x00000000d6800000,0x00000000da713a40,0x00000000da800000)
  from space 5120K, 0% used [0x00000000da800000,0x00000000da800000,0x00000000dad00000)
  to   space 5120K, 0% used [0x00000000dad00000,0x00000000dad00000,0x00000000db200000)
 ParOldGen       total 64512K, used 15941K [0x0000000083800000, 0x0000000087700000, 0x00000000d6800000)
  object space 64512K, 24% used [0x0000000083800000,0x00000000847917c0,0x0000000087700000)
 Metaspace       used 25356K, capacity 26320K, committed 26624K, reserved 1073152K
  class space    used 2911K, capacity 3203K, committed 3328K, reserved 1048576K
Event: 4.651 GC heap after
Heap after GC invocations=9 (full 1):
 PSYoungGen      total 61952K, used 5102K [0x00000000d6800000, 0x00000000dea80000, 0x0000000100000000)
  eden space 56832K, 0% used [0x00000000d6800000,0x00000000d6800000,0x00000000d9f80000)
  from space 5120K, 99% used [0x00000000dad00000,0x00000000db1fb8a0,0x00000000db200000)
  to   space 13824K, 0% used [0x00000000d9f80000,0x00000000d9f80000,0x00000000dad00000)
 ParOldGen       total 64512K, used 27118K [0x0000000083800000, 0x0000000087700000, 0x00000000d6800000)
  object space 64512K, 42% used [0x0000000083800000,0x000000008527b918,0x0000000087700000)
 Metaspace       used 25356K, capacity 26320K, committed 26624K, reserved 1073152K
  class space    used 2911K, capacity 3203K, committed 3328K, reserved 1048576K
}

