# JRE version: Java(TM) SE Runtime Environment (8.0_72-b15) (build 1.8.0_72-b15)
# Java VM: Java HotSpot(TM) 64-Bit Server VM (25.72-b15 mixed mode windows-amd64 compressed oops)
Heap:
 PSYoungGen      total 265728K, used 79033K [0x00000000d6800000, 0x00000000f0280000, 0x0000000100000000)
  eden space 248832K, 31% used [0x00000000d6800000,0x00000000db52e5b0,0x00000000e5b00000)
  from space 16896K, 0% used [0x00000000e5b00000,0x00000000e5b00000,0x00000000e6b80000)
  to   space 28160K, 0% used [0x00000000ee700000,0x00000000ee700000,0x00000000f0280000)
 ParOldGen       total 56320K, used 51761K [0x0000000083800000, 0x0000000086f00000, 0x00000000d6800000)
  object space 56320K, 91% used [0x0000000083800000,0x0000000086a8c628,0x0000000086f00000)
 Metaspace       used 24479K, capacity 25080K, committed 25344K, reserved 1071104K
  class space    used 2816K, capacity 2969K, committed 3072K, reserved 1048576K
GC Heap History (10 events):
Event: 3.404 GC heap before
{Heap before GC invocations=7 (full 0):
 PSYoungGen      total 140800K, used 20224K [0x00000000d6800000, 0x00000000dff00000, 0x0000000100000000)
  eden space 130048K, 7% used [0x00000000d6800000,0x00000000d7214fb8,0x00000000de700000)
  from space 10752K, 92% used [0x00000000df280000,0x00000000dfc2b318,0x00000000dfd00000)
  to   space 11776K, 0% used [0x00000000de700000,0x00000000de700000,0x00000000df280000)
 ParOldGen       total 86016K, used 12265K [0x0000000083800000, 0x0000000088c00000, 0x00000000d6800000)
  object space 86016K, 14% used [0x0000000083800000,0x00000000843fa498,0x0000000088c00000)
 Metaspace       used 20562K, capacity 21030K, committed 21248K, reserved 1069056K
  class space    used 2366K, capacity 2496K, committed 2560K, reserved 1048576K
Event: 3.417 GC heap after
Heap after GC invocations=7 (full 0):
 PSYoungGen      total 141824K, used 6142K [0x00000000d6800000, 0x00000000e7c00000, 0x0000000100000000)
  eden space 130048K, 0% used [0x00000000d6800000,0x00000000d6800000,0x00000000de700000)
  from space 11776K, 52% used [0x00000000de700000,0x00000000decffa08,0x00000000df280000)
  to   space 11264K, 0% used [0x00000000e7100000,0x00000000e7100000,0x00000000e7c00000)
 ParOldGen       total 86016K, used 14077K [0x0000000083800000, 0x0000000088c00000, 0x00000000d6800000)
  object space 86016K, 16% used [0x0000000083800000,0x00000000845bf568,0x0000000088c00000)
 Metaspace       used 20562K, capacity 21030K, committed 21248K, reserved 1069056K
  class space    used 2366K, capacity 2496K, committed 2560K, reserved 1048576K
}
Event: 3.417 GC heap before
{Heap before GC invocations=8 (full 1):
 PSYoungGen      total 141824K, used 6142K [0x00000000d6800000, 0x00000000e7c00000, 0x0000000100000000)
  eden space 130048K, 0% used [0x00000000d6800000,0x00000000d6800000,0x00000000de700000)
  from space 11776K, 52% used [0x00000000de700000,0x00000000decffa08,0x00000000df280000)
  to   space 11264K, 0% used [0x00000000e7100000,0x00000000e7100000,0x00000000e7c00000)
 ParOldGen       total 86016K, used 14077K [0x0000000083800000, 0x0000000088c00000, 0x00000000d6800000)
  object space 86016K, 16% used [0x0000000083800000,0x00000000845bf568,0x0000000088c00000)
 Metaspace       used 20562K, capacity 21030K, committed 21248K, reserved 1069056K
  class space    used 2366K, capacity 2496K, committed 2560K, reserved 1048576K
Event: 3.459 GC heap after
Heap after GC invocations=8 (full 1):
 PSYoungGen      total 141824K, used 0K [0x00000000d6800000, 0x00000000e7c00000, 0x0000000100000000)
  eden space 130048K, 0% used [0x00000000d6800000,0x00000000d6800000,0x00000000de700000)
  from space 11776K, 0% used [0x00000000de700000,0x00000000de700000,0x00000000df280000)
  to   space 11264K, 0% used [0x00000000e7100000,0x00000000e7100000,0x00000000e7c00000)
 ParOldGen       total 56320K, used 13887K [0x0000000083800000, 0x0000000086f00000, 0x00000000d6800000)
  object space 56320K, 24% used [0x0000000083800000,0x000000008458fe10,0x0000000086f00000)
 Metaspace       used 20562K, capacity 21030K, committed 21248K, reserved 1069056K
  class space    used 2366K, capacity 2496K, committed 2560K, reserved 1048576K
}
Event: 4.256 GC heap before
{Heap before GC invocations=9 (full 1):
 PSYoungGen      total 141824K, used 130048K [0x00000000d6800000, 0x00000000e7c00000, 0x0000000100000000)
  eden space 130048K, 100% used [0x00000000d6800000,0x00000000de700000,0x00000000de700000)
  from space 11776K, 0% used [0x00000000de700000,0x00000000de700000,0x00000000df280000)
  to   space 11264K, 0% used [0x00000000e7100000,0x00000000e7100000,0x00000000e7c00000)
 ParOldGen       total 56320K, used 13887K [0x0000000083800000, 0x0000000086f00000, 0x00000000d6800000)
  object space 56320K, 24% used [0x0000000083800000,0x000000008458fe10,0x0000000086f00000)
 Metaspace       used 24438K, capacity 25066K, committed 25344K, reserved 1071104K
  class space    used 2811K, capacity 2967K, committed 3072K, reserved 1048576K
Event: 4.285 GC heap after
Heap after GC invocations=9 (full 1):
 PSYoungGen      total 251392K, used 11256K [0x00000000d6800000, 0x00000000e7c00000, 0x0000000100000000)
  eden space 240128K, 0% used [0x00000000d6800000,0x00000000d6800000,0x00000000e5280000)
  from space 11264K, 99% used [0x00000000e7100000,0x00000000e7bfe368,0x00000000e7c00000)
  to   space 16896K, 0% used [0x00000000e5b00000,0x00000000e5b00000,0x00000000e6b80000)
 ParOldGen       total 56320K, used 23384K [0x0000000083800000, 0x0000000086f00000, 0x00000000d6800000)
  object space 56320K, 41% used [0x0000000083800000,0x0000000084ed6090,0x0000000086f00000)
 Metaspace       used 24438K, capacity 25066K, committed 25344K, reserved 1071104K
  class space    used 2811K, capacity 2967K, committed 3072K, reserved 1048576K
}
Event: 4.857 GC heap before
{Heap before GC invocations=10 (full 1):
 PSYoungGen      total 251392K, used 251384K [0x00000000d6800000, 0x00000000e7c00000, 0x0000000100000000)
  eden space 240128K, 100% used [0x00000000d6800000,0x00000000e5280000,0x00000000e5280000)
  from space 11264K, 99% used [0x00000000e7100000,0x00000000e7bfe368,0x00000000e7c00000)
  to   space 16896K, 0% used [0x00000000e5b00000,0x00000000e5b00000,0x00000000e6b80000)
 ParOldGen       total 56320K, used 23384K [0x0000000083800000, 0x0000000086f00000, 0x00000000d6800000)
  object space 56320K, 41% used [0x0000000083800000,0x0000000084ed6090,0x0000000086f00000)
 Metaspace       used 24470K, capacity 25070K, committed 25344K, reserved 1071104K
  class space    used 2815K, capacity 2967K, committed 3072K, reserved 1048576K
Event: 4.918 GC heap after
Heap after GC invocations=10 (full 1):
 PSYoungGen      total 265728K, used 16881K [0x00000000d6800000, 0x00000000f0280000, 0x0000000100000000)
  eden space 248832K, 0% used [0x00000000d6800000,0x00000000d6800000,0x00000000e5b00000)
  from space 16896K, 99% used [0x00000000e5b00000,0x00000000e6b7c618,0x00000000e6b80000)
  to   space 28160K, 0% used [0x00000000ee700000,0x00000000ee700000,0x00000000f0280000)
 ParOldGen       total 56320K, used 46551K [0x0000000083800000, 0x0000000086f00000, 0x00000000d6800000)
  object space 56320K, 82% used [0x0000000083800000,0x0000000086575e18,0x0000000086f00000)
 Metaspace       used 24470K, capacity 25070K, committed 25344K, reserved 1071104K
  class space    used 2815K, capacity 2967K, committed 3072K, reserved 1048576K
}
Event: 4.918 GC heap before
{Heap before GC invocations=11 (full 2):
 PSYoungGen      total 265728K, used 16881K [0x00000000d6800000, 0x00000000f0280000, 0x0000000100000000)
  eden space 248832K, 0% used [0x00000000d6800000,0x00000000d6800000,0x00000000e5b00000)
  from space 16896K, 99% used [0x00000000e5b00000,0x00000000e6b7c618,0x00000000e6b80000)
  to   space 28160K, 0% used [0x00000000ee700000,0x00000000ee700000,0x00000000f0280000)
 ParOldGen       total 56320K, used 46551K [0x0000000083800000, 0x0000000086f00000, 0x00000000d6800000)
  object space 56320K, 82% used [0x0000000083800000,0x0000000086575e18,0x0000000086f00000)
 Metaspace       used 24470K, capacity 25070K, committed 25344K, reserved 1071104K
  class space    used 2815K, capacity 2967K, committed 3072K, reserved 1048576K
Event: 5.202 GC heap after
Heap after GC invocations=11 (full 2):
 PSYoungGen      total 265728K, used 0K [0x00000000d6800000, 0x00000000f0280000, 0x0000000100000000)
  eden space 248832K, 0% used [0x00000000d6800000,0x00000000d6800000,0x00000000e5b00000)
  from space 16896K, 0% used [0x00000000e5b00000,0x00000000e5b00000,0x00000000e6b80000)
  to   space 28160K, 0% used [0x00000000ee700000,0x00000000ee700000,0x00000000f0280000)
 ParOldGen       total 56320K, used 51761K [0x0000000083800000, 0x0000000086f00000, 0x00000000d6800000)
  object space 56320K, 91% used [0x0000000083800000,0x0000000086a8c628,0x0000000086f00000)
 Metaspace       used 24470K, capacity 25070K, committed 25344K, reserved 1071104K
  class space    used 2815K, capacity 2967K, committed 3072K, reserved 1048576K
}

