# JRE version: Java(TM) SE Runtime Environment (8.0_72-b15) (build 1.8.0_72-b15)
# Java VM: Java HotSpot(TM) 64-Bit Server VM (25.72-b15 mixed mode windows-amd64 compressed oops)
Heap:
 PSYoungGen      total 229376K, used 99574K [0x00000000d6800000, 0x00000000ed300000, 0x0000000100000000)
  eden space 204800K, 48% used [0x00000000d6800000,0x00000000dc93dad8,0x00000000e3000000)
  from space 24576K, 0% used [0x00000000e3000000,0x00000000e3000000,0x00000000e4800000)
  to   space 36352K, 0% used [0x00000000eaf80000,0x00000000eaf80000,0x00000000ed300000)
 ParOldGen       total 62976K, used 40181K [0x0000000083800000, 0x0000000087580000, 0x00000000d6800000)
  object space 62976K, 63% used [0x0000000083800000,0x0000000085f3d720,0x0000000087580000)
 Metaspace       used 45054K, capacity 45864K, committed 46208K, reserved 1089536K
  class space    used 5424K, capacity 5677K, committed 5760K, reserved 1048576K
GC Heap History (10 events):
Event: 4.831 GC heap before
{Heap before GC invocations=9 (full 1):
 PSYoungGen      total 141824K, used 141809K [0x00000000d6800000, 0x00000000e5800000, 0x0000000100000000)
  eden space 131072K, 100% used [0x00000000d6800000,0x00000000de800000,0x00000000de800000)
  from space 10752K, 99% used [0x00000000de800000,0x00000000df27c5d0,0x00000000df280000)
  to   space 16384K, 0% used [0x00000000e4800000,0x00000000e4800000,0x00000000e5800000)
 ParOldGen       total 62976K, used 22167K [0x0000000083800000, 0x0000000087580000, 0x00000000d6800000)
  object space 62976K, 35% used [0x0000000083800000,0x0000000084da5c90,0x0000000087580000)
 Metaspace       used 29653K, capacity 30282K, committed 30592K, reserved 1077248K
  class space    used 3482K, capacity 3679K, committed 3712K, reserved 1048576K
Event: 4.871 GC heap after
Heap after GC invocations=9 (full 1):
 PSYoungGen      total 221184K, used 16376K [0x00000000d6800000, 0x00000000e7680000, 0x0000000100000000)
  eden space 204800K, 0% used [0x00000000d6800000,0x00000000d6800000,0x00000000e3000000)
  from space 16384K, 99% used [0x00000000e4800000,0x00000000e57fe120,0x00000000e5800000)
  to   space 24576K, 0% used [0x00000000e3000000,0x00000000e3000000,0x00000000e4800000)
 ParOldGen       total 62976K, used 35454K [0x0000000083800000, 0x0000000087580000, 0x00000000d6800000)
  object space 62976K, 56% used [0x0000000083800000,0x0000000085a9fbb8,0x0000000087580000)
 Metaspace       used 29653K, capacity 30282K, committed 30592K, reserved 1077248K
  class space    used 3482K, capacity 3679K, committed 3712K, reserved 1048576K
}
Event: 5.426 GC heap before
{Heap before GC invocations=10 (full 1):
 PSYoungGen      total 221184K, used 221176K [0x00000000d6800000, 0x00000000e7680000, 0x0000000100000000)
  eden space 204800K, 100% used [0x00000000d6800000,0x00000000e3000000,0x00000000e3000000)
  from space 16384K, 99% used [0x00000000e4800000,0x00000000e57fe120,0x00000000e5800000)
  to   space 24576K, 0% used [0x00000000e3000000,0x00000000e3000000,0x00000000e4800000)
 ParOldGen       total 62976K, used 35454K [0x0000000083800000, 0x0000000087580000, 0x00000000d6800000)
  object space 62976K, 56% used [0x0000000083800000,0x0000000085a9fbb8,0x0000000087580000)
 Metaspace       used 29686K, capacity 30296K, committed 30592K, reserved 1077248K
  class space    used 3486K, capacity 3681K, committed 3712K, reserved 1048576K
Event: 5.461 GC heap after
Heap after GC invocations=10 (full 1):
 PSYoungGen      total 229376K, used 24563K [0x00000000d6800000, 0x00000000ed300000, 0x0000000100000000)
  eden space 204800K, 0% used [0x00000000d6800000,0x00000000d6800000,0x00000000e3000000)
  from space 24576K, 99% used [0x00000000e3000000,0x00000000e47fce80,0x00000000e4800000)
  to   space 36352K, 0% used [0x00000000eaf80000,0x00000000eaf80000,0x00000000ed300000)
 ParOldGen       total 62976K, used 55028K [0x0000000083800000, 0x0000000087580000, 0x00000000d6800000)
  object space 62976K, 87% used [0x0000000083800000,0x0000000086dbd038,0x0000000087580000)
 Metaspace       used 29686K, capacity 30296K, committed 30592K, reserved 1077248K
  class space    used 3486K, capacity 3681K, committed 3712K, reserved 1048576K
}
Event: 5.461 GC heap before
{Heap before GC invocations=11 (full 2):
 PSYoungGen      total 229376K, used 24563K [0x00000000d6800000, 0x00000000ed300000, 0x0000000100000000)
  eden space 204800K, 0% used [0x00000000d6800000,0x00000000d6800000,0x00000000e3000000)
  from space 24576K, 99% used [0x00000000e3000000,0x00000000e47fce80,0x00000000e4800000)
  to   space 36352K, 0% used [0x00000000eaf80000,0x00000000eaf80000,0x00000000ed300000)
 ParOldGen       total 62976K, used 55028K [0x0000000083800000, 0x0000000087580000, 0x00000000d6800000)
  object space 62976K, 87% used [0x0000000083800000,0x0000000086dbd038,0x0000000087580000)
 Metaspace       used 29686K, capacity 30296K, committed 30592K, reserved 1077248K
  class space    used 3486K, capacity 3681K, committed 3712K, reserved 1048576K
Event: 5.521 GC heap after
Heap after GC invocations=11 (full 2):
 PSYoungGen      total 229376K, used 0K [0x00000000d6800000, 0x00000000ed300000, 0x0000000100000000)
  eden space 204800K, 0% used [0x00000000d6800000,0x00000000d6800000,0x00000000e3000000)
  from space 24576K, 0% used [0x00000000e3000000,0x00000000e3000000,0x00000000e4800000)
  to   space 36352K, 0% used [0x00000000eaf80000,0x00000000eaf80000,0x00000000ed300000)
 ParOldGen       total 62976K, used 56943K [0x0000000083800000, 0x0000000087580000, 0x00000000d6800000)
  object space 62976K, 90% used [0x0000000083800000,0x0000000086f9bdf8,0x0000000087580000)
 Metaspace       used 29686K, capacity 30296K, committed 30592K, reserved 1077248K
  class space    used 3486K, capacity 3681K, committed 3712K, reserved 1048576K
}
Event: 5.938 GC heap before
{Heap before GC invocations=12 (full 3):
 PSYoungGen      total 229376K, used 204800K [0x00000000d6800000, 0x00000000ed300000, 0x0000000100000000)
  eden space 204800K, 100% used [0x00000000d6800000,0x00000000e3000000,0x00000000e3000000)
  from space 24576K, 0% used [0x00000000e3000000,0x00000000e3000000,0x00000000e4800000)
  to   space 36352K, 0% used [0x00000000eaf80000,0x00000000eaf80000,0x00000000ed300000)
 ParOldGen       total 62976K, used 56943K [0x0000000083800000, 0x0000000087580000, 0x00000000d6800000)
  object space 62976K, 90% used [0x0000000083800000,0x0000000086f9bdf8,0x0000000087580000)
 Metaspace       used 29730K, capacity 30360K, committed 30592K, reserved 1077248K
  class space    used 3490K, capacity 3681K, committed 3712K, reserved 1048576K
Event: 6.075 GC heap after
Heap after GC invocations=12 (full 3):
 PSYoungGen      total 229376K, used 0K [0x00000000d6800000, 0x00000000ed300000, 0x0000000100000000)
  eden space 204800K, 0% used [0x00000000d6800000,0x00000000d6800000,0x00000000e3000000)
  from space 24576K, 0% used [0x00000000e3000000,0x00000000e3000000,0x00000000e4800000)
  to   space 36352K, 0% used [0x00000000eaf80000,0x00000000eaf80000,0x00000000ed300000)
 ParOldGen       total 62976K, used 52983K [0x0000000083800000, 0x0000000087580000, 0x00000000d6800000)
  object space 62976K, 84% used [0x0000000083800000,0x0000000086bbde48,0x0000000087580000)
 Metaspace       used 29730K, capacity 30360K, committed 30592K, reserved 1077248K
  class space    used 3490K, capacity 3681K, committed 3712K, reserved 1048576K
}
Event: 7.061 GC heap before
{Heap before GC invocations=13 (full 4):
 PSYoungGen      total 229376K, used 204800K [0x00000000d6800000, 0x00000000ed300000, 0x0000000100000000)
  eden space 204800K, 100% used [0x00000000d6800000,0x00000000e3000000,0x00000000e3000000)
  from space 24576K, 0% used [0x00000000e3000000,0x00000000e3000000,0x00000000e4800000)
  to   space 36352K, 0% used [0x00000000eaf80000,0x00000000eaf80000,0x00000000ed300000)
 ParOldGen       total 62976K, used 52983K [0x0000000083800000, 0x0000000087580000, 0x00000000d6800000)
  object space 62976K, 84% used [0x0000000083800000,0x0000000086bbde48,0x0000000087580000)
 Metaspace       used 40845K, capacity 41546K, committed 41984K, reserved 1085440K
  class space    used 4854K, capacity 5052K, committed 5120K, reserved 1048576K
Event: 7.125 GC heap after
Heap after GC invocations=13 (full 4):
 PSYoungGen      total 229376K, used 0K [0x00000000d6800000, 0x00000000ed300000, 0x0000000100000000)
  eden space 204800K, 0% used [0x00000000d6800000,0x00000000d6800000,0x00000000e3000000)
  from space 24576K, 0% used [0x00000000e3000000,0x00000000e3000000,0x00000000e4800000)
  to   space 36352K, 0% used [0x00000000eaf80000,0x00000000eaf80000,0x00000000ed300000)
 ParOldGen       total 62976K, used 40181K [0x0000000083800000, 0x0000000087580000, 0x00000000d6800000)
  object space 62976K, 63% used [0x0000000083800000,0x0000000085f3d720,0x0000000087580000)
 Metaspace       used 40845K, capacity 41546K, committed 41984K, reserved 1085440K
  class space    used 4854K, capacity 5052K, committed 5120K, reserved 1048576K
}

