# JRE version: Java(TM) SE Runtime Environment (8.0_72-b15) (build 1.8.0_72-b15)
# Java VM: Java HotSpot(TM) 64-Bit Server VM (25.72-b15 mixed mode windows-amd64 compressed oops)
Heap:
 PSYoungGen      total 267264K, used 180506K [0x00000000d6800000, 0x00000000ef600000, 0x0000000100000000)
  eden space 250880K, 71% used [0x00000000d6800000,0x00000000e1846b58,0x00000000e5d00000)
  from space 16384K, 0% used [0x00000000e5d00000,0x00000000e5d00000,0x00000000e6d00000)
  to   space 28160K, 0% used [0x00000000eda80000,0x00000000eda80000,0x00000000ef600000)
 ParOldGen       total 57344K, used 51575K [0x0000000083800000, 0x0000000087000000, 0x00000000d6800000)
  object space 57344K, 89% used [0x0000000083800000,0x0000000086a5dd60,0x0000000087000000)
 Metaspace       used 24421K, capacity 24964K, committed 25344K, reserved 1071104K
  class space    used 2813K, capacity 2969K, committed 3072K, reserved 1048576K
GC Heap History (10 events):
Event: 3.163 GC heap before
{Heap before GC invocations=7 (full 0):
 PSYoungGen      total 140800K, used 17902K [0x00000000d6800000, 0x00000000dff00000, 0x0000000100000000)
  eden space 130048K, 5% used [0x00000000d6800000,0x00000000d6f97e90,0x00000000de700000)
  from space 10752K, 94% used [0x00000000df280000,0x00000000dfc63cf8,0x00000000dfd00000)
  to   space 11776K, 0% used [0x00000000de700000,0x00000000de700000,0x00000000df280000)
 ParOldGen       total 86016K, used 12370K [0x0000000083800000, 0x0000000088c00000, 0x00000000d6800000)
  object space 86016K, 14% used [0x0000000083800000,0x00000000844149e0,0x0000000088c00000)
 Metaspace       used 20570K, capacity 21042K, committed 21248K, reserved 1069056K
  class space    used 2369K, capacity 2496K, committed 2560K, reserved 1048576K
Event: 3.171 GC heap after
Heap after GC invocations=7 (full 0):
 PSYoungGen      total 141824K, used 5990K [0x00000000d6800000, 0x00000000e7d00000, 0x0000000100000000)
  eden space 130048K, 0% used [0x00000000d6800000,0x00000000d6800000,0x00000000de700000)
  from space 11776K, 50% used [0x00000000de700000,0x00000000decd9ba0,0x00000000df280000)
  to   space 11776K, 0% used [0x00000000e7180000,0x00000000e7180000,0x00000000e7d00000)
 ParOldGen       total 86016K, used 14394K [0x0000000083800000, 0x0000000088c00000, 0x00000000d6800000)
  object space 86016K, 16% used [0x0000000083800000,0x000000008460ea90,0x0000000088c00000)
 Metaspace       used 20570K, capacity 21042K, committed 21248K, reserved 1069056K
  class space    used 2369K, capacity 2496K, committed 2560K, reserved 1048576K
}
Event: 3.171 GC heap before
{Heap before GC invocations=8 (full 1):
 PSYoungGen      total 141824K, used 5990K [0x00000000d6800000, 0x00000000e7d00000, 0x0000000100000000)
  eden space 130048K, 0% used [0x00000000d6800000,0x00000000d6800000,0x00000000de700000)
  from space 11776K, 50% used [0x00000000de700000,0x00000000decd9ba0,0x00000000df280000)
  to   space 11776K, 0% used [0x00000000e7180000,0x00000000e7180000,0x00000000e7d00000)
 ParOldGen       total 86016K, used 14394K [0x0000000083800000, 0x0000000088c00000, 0x00000000d6800000)
  object space 86016K, 16% used [0x0000000083800000,0x000000008460ea90,0x0000000088c00000)
 Metaspace       used 20570K, capacity 21042K, committed 21248K, reserved 1069056K
  class space    used 2369K, capacity 2496K, committed 2560K, reserved 1048576K
Event: 3.209 GC heap after
Heap after GC invocations=8 (full 1):
 PSYoungGen      total 141824K, used 0K [0x00000000d6800000, 0x00000000e7d00000, 0x0000000100000000)
  eden space 130048K, 0% used [0x00000000d6800000,0x00000000d6800000,0x00000000de700000)
  from space 11776K, 0% used [0x00000000de700000,0x00000000de700000,0x00000000df280000)
  to   space 11776K, 0% used [0x00000000e7180000,0x00000000e7180000,0x00000000e7d00000)
 ParOldGen       total 57344K, used 13738K [0x0000000083800000, 0x0000000087000000, 0x00000000d6800000)
  object space 57344K, 23% used [0x0000000083800000,0x000000008456ab20,0x0000000087000000)
 Metaspace       used 20570K, capacity 21042K, committed 21248K, reserved 1069056K
  class space    used 2369K, capacity 2496K, committed 2560K, reserved 1048576K
}
Event: 3.869 GC heap before
{Heap before GC invocations=9 (full 1):
 PSYoungGen      total 141824K, used 130048K [0x00000000d6800000, 0x00000000e7d00000, 0x0000000100000000)
  eden space 130048K, 100% used [0x00000000d6800000,0x00000000de700000,0x00000000de700000)
  from space 11776K, 0% used [0x00000000de700000,0x00000000de700000,0x00000000df280000)
  to   space 11776K, 0% used [0x00000000e7180000,0x00000000e7180000,0x00000000e7d00000)
 ParOldGen       total 57344K, used 13738K [0x0000000083800000, 0x0000000087000000, 0x00000000d6800000)
  object space 57344K, 23% used [0x0000000083800000,0x000000008456ab20,0x0000000087000000)
 Metaspace       used 24371K, capacity 24886K, committed 25344K, reserved 1071104K
  class space    used 2807K, capacity 2967K, committed 3072K, reserved 1048576K
Event: 3.886 GC heap after
Heap after GC invocations=9 (full 1):
 PSYoungGen      total 247808K, used 11771K [0x00000000d6800000, 0x00000000e7d00000, 0x0000000100000000)
  eden space 236032K, 0% used [0x00000000d6800000,0x00000000d6800000,0x00000000e4e80000)
  from space 11776K, 99% used [0x00000000e7180000,0x00000000e7cfeca8,0x00000000e7d00000)
  to   space 16384K, 0% used [0x00000000e5d00000,0x00000000e5d00000,0x00000000e6d00000)
 ParOldGen       total 57344K, used 21440K [0x0000000083800000, 0x0000000087000000, 0x00000000d6800000)
  object space 57344K, 37% used [0x0000000083800000,0x0000000084cf03c0,0x0000000087000000)
 Metaspace       used 24371K, capacity 24886K, committed 25344K, reserved 1071104K
  class space    used 2807K, capacity 2967K, committed 3072K, reserved 1048576K
}
Event: 4.622 GC heap before
{Heap before GC invocations=10 (full 1):
 PSYoungGen      total 247808K, used 247803K [0x00000000d6800000, 0x00000000e7d00000, 0x0000000100000000)
  eden space 236032K, 100% used [0x00000000d6800000,0x00000000e4e80000,0x00000000e4e80000)
  from space 11776K, 99% used [0x00000000e7180000,0x00000000e7cfeca8,0x00000000e7d00000)
  to   space 16384K, 0% used [0x00000000e5d00000,0x00000000e5d00000,0x00000000e6d00000)
 ParOldGen       total 57344K, used 21440K [0x0000000083800000, 0x0000000087000000, 0x00000000d6800000)
  object space 57344K, 37% used [0x0000000083800000,0x0000000084cf03c0,0x0000000087000000)
 Metaspace       used 24411K, capacity 24954K, committed 25344K, reserved 1071104K
  class space    used 2811K, capacity 2967K, committed 3072K, reserved 1048576K
Event: 4.661 GC heap after
Heap after GC invocations=10 (full 1):
 PSYoungGen      total 267264K, used 16379K [0x00000000d6800000, 0x00000000ef600000, 0x0000000100000000)
  eden space 250880K, 0% used [0x00000000d6800000,0x00000000d6800000,0x00000000e5d00000)
  from space 16384K, 99% used [0x00000000e5d00000,0x00000000e6cfee60,0x00000000e6d00000)
  to   space 28160K, 0% used [0x00000000eda80000,0x00000000eda80000,0x00000000ef600000)
 ParOldGen       total 57344K, used 44998K [0x0000000083800000, 0x0000000087000000, 0x00000000d6800000)
  object space 57344K, 78% used [0x0000000083800000,0x00000000863f1890,0x0000000087000000)
 Metaspace       used 24411K, capacity 24954K, committed 25344K, reserved 1071104K
  class space    used 2811K, capacity 2967K, committed 3072K, reserved 1048576K
}
Event: 4.661 GC heap before
{Heap before GC invocations=11 (full 2):
 PSYoungGen      total 267264K, used 16379K [0x00000000d6800000, 0x00000000ef600000, 0x0000000100000000)
  eden space 250880K, 0% used [0x00000000d6800000,0x00000000d6800000,0x00000000e5d00000)
  from space 16384K, 99% used [0x00000000e5d00000,0x00000000e6cfee60,0x00000000e6d00000)
  to   space 28160K, 0% used [0x00000000eda80000,0x00000000eda80000,0x00000000ef600000)
 ParOldGen       total 57344K, used 44998K [0x0000000083800000, 0x0000000087000000, 0x00000000d6800000)
  object space 57344K, 78% used [0x0000000083800000,0x00000000863f1890,0x0000000087000000)
 Metaspace       used 24411K, capacity 24954K, committed 25344K, reserved 1071104K
  class space    used 2811K, capacity 2967K, committed 3072K, reserved 1048576K
Event: 4.709 GC heap after
Heap after GC invocations=11 (full 2):
 PSYoungGen      total 267264K, used 0K [0x00000000d6800000, 0x00000000ef600000, 0x0000000100000000)
  eden space 250880K, 0% used [0x00000000d6800000,0x00000000d6800000,0x00000000e5d00000)
  from space 16384K, 0% used [0x00000000e5d00000,0x00000000e5d00000,0x00000000e6d00000)
  to   space 28160K, 0% used [0x00000000eda80000,0x00000000eda80000,0x00000000ef600000)
 ParOldGen       total 57344K, used 51575K [0x0000000083800000, 0x0000000087000000, 0x00000000d6800000)
  object space 57344K, 89% used [0x0000000083800000,0x0000000086a5dd60,0x0000000087000000)
 Metaspace       used 24411K, capacity 24954K, committed 25344K, reserved 1071104K
  class space    used 2811K, capacity 2967K, committed 3072K, reserved 1048576K
}

