# JRE version: Java(TM) SE Runtime Environment (8.0_72-b15) (build 1.8.0_72-b15)
# Java VM: Java HotSpot(TM) 64-Bit Server VM (25.72-b15 mixed mode windows-amd64 compressed oops)
Heap:
 PSYoungGen      total 253952K, used 206106K [0x00000000d6800000, 0x00000000e7d00000, 0x0000000100000000)
  eden space 242176K, 80% used [0x00000000d6800000,0x00000000e25cb818,0x00000000e5480000)
  from space 11776K, 99% used [0x00000000e7180000,0x00000000e7cfb240,0x00000000e7d00000)
  to   space 16384K, 0% used [0x00000000e5d00000,0x00000000e5d00000,0x00000000e6d00000)
 ParOldGen       total 55808K, used 21998K [0x0000000083800000, 0x0000000086e80000, 0x00000000d6800000)
  object space 55808K, 39% used [0x0000000083800000,0x0000000084d7ba00,0x0000000086e80000)
 Metaspace       used 24419K, capacity 24934K, committed 25344K, reserved 1071104K
  class space    used 2815K, capacity 2967K, committed 3072K, reserved 1048576K
GC Heap History (10 events):
Event: 2.605 GC heap before
{Heap before GC invocations=5 (full 0):
 PSYoungGen      total 70656K, used 70632K [0x00000000d6800000, 0x00000000db200000, 0x0000000100000000)
  eden space 65536K, 100% used [0x00000000d6800000,0x00000000da800000,0x00000000da800000)
  from space 5120K, 99% used [0x00000000dad00000,0x00000000db1fa040,0x00000000db200000)
  to   space 5120K, 0% used [0x00000000da800000,0x00000000da800000,0x00000000dad00000)
 ParOldGen       total 86016K, used 8389K [0x0000000083800000, 0x0000000088c00000, 0x00000000d6800000)
  object space 86016K, 9% used [0x0000000083800000,0x0000000084031710,0x0000000088c00000)
 Metaspace       used 17470K, capacity 17856K, committed 18048K, reserved 1064960K
  class space    used 2033K, capacity 2117K, committed 2176K, reserved 1048576K
Event: 2.618 GC heap after
Heap after GC invocations=5 (full 0):
 PSYoungGen      total 70656K, used 5112K [0x00000000d6800000, 0x00000000dfd00000, 0x0000000100000000)
  eden space 65536K, 0% used [0x00000000d6800000,0x00000000d6800000,0x00000000da800000)
  from space 5120K, 99% used [0x00000000da800000,0x00000000dacfe030,0x00000000dad00000)
  to   space 10752K, 0% used [0x00000000df280000,0x00000000df280000,0x00000000dfd00000)
 ParOldGen       total 86016K, used 12381K [0x0000000083800000, 0x0000000088c00000, 0x00000000d6800000)
  object space 86016K, 14% used [0x0000000083800000,0x0000000084417588,0x0000000088c00000)
 Metaspace       used 17470K, capacity 17856K, committed 18048K, reserved 1064960K
  class space    used 2033K, capacity 2117K, committed 2176K, reserved 1048576K
}
Event: 3.281 GC heap before
{Heap before GC invocations=6 (full 0):
 PSYoungGen      total 70656K, used 70648K [0x00000000d6800000, 0x00000000dfd00000, 0x0000000100000000)
  eden space 65536K, 100% used [0x00000000d6800000,0x00000000da800000,0x00000000da800000)
  from space 5120K, 99% used [0x00000000da800000,0x00000000dacfe030,0x00000000dad00000)
  to   space 10752K, 0% used [0x00000000df280000,0x00000000df280000,0x00000000dfd00000)
 ParOldGen       total 86016K, used 12381K [0x0000000083800000, 0x0000000088c00000, 0x00000000d6800000)
  object space 86016K, 14% used [0x0000000083800000,0x0000000084417588,0x0000000088c00000)
 Metaspace       used 20153K, capacity 20642K, committed 20864K, reserved 1067008K
  class space    used 2328K, capacity 2432K, committed 2432K, reserved 1048576K
Event: 3.292 GC heap after
Heap after GC invocations=6 (full 0):
 PSYoungGen      total 140800K, used 10093K [0x00000000d6800000, 0x00000000dff00000, 0x0000000100000000)
  eden space 130048K, 0% used [0x00000000d6800000,0x00000000d6800000,0x00000000de700000)
  from space 10752K, 93% used [0x00000000df280000,0x00000000dfc5b408,0x00000000dfd00000)
  to   space 11776K, 0% used [0x00000000de700000,0x00000000de700000,0x00000000df280000)
 ParOldGen       total 86016K, used 12389K [0x0000000083800000, 0x0000000088c00000, 0x00000000d6800000)
  object space 86016K, 14% used [0x0000000083800000,0x0000000084419588,0x0000000088c00000)
 Metaspace       used 20153K, capacity 20642K, committed 20864K, reserved 1067008K
  class space    used 2328K, capacity 2432K, committed 2432K, reserved 1048576K
}
Event: 3.312 GC heap before
{Heap before GC invocations=7 (full 0):
 PSYoungGen      total 140800K, used 17893K [0x00000000d6800000, 0x00000000dff00000, 0x0000000100000000)
  eden space 130048K, 5% used [0x00000000d6800000,0x00000000d6f9e248,0x00000000de700000)
  from space 10752K, 93% used [0x00000000df280000,0x00000000dfc5b408,0x00000000dfd00000)
  to   space 11776K, 0% used [0x00000000de700000,0x00000000de700000,0x00000000df280000)
 ParOldGen       total 86016K, used 12389K [0x0000000083800000, 0x0000000088c00000, 0x00000000d6800000)
  object space 86016K, 14% used [0x0000000083800000,0x0000000084419588,0x0000000088c00000)
 Metaspace       used 20561K, capacity 21026K, committed 21248K, reserved 1069056K
  class space    used 2369K, capacity 2496K, committed 2560K, reserved 1048576K
Event: 3.321 GC heap after
Heap after GC invocations=7 (full 0):
 PSYoungGen      total 141824K, used 5840K [0x00000000d6800000, 0x00000000e7d00000, 0x0000000100000000)
  eden space 130048K, 0% used [0x00000000d6800000,0x00000000d6800000,0x00000000de700000)
  from space 11776K, 49% used [0x00000000de700000,0x00000000decb42d8,0x00000000df280000)
  to   space 11776K, 0% used [0x00000000e7180000,0x00000000e7180000,0x00000000e7d00000)
 ParOldGen       total 86016K, used 14330K [0x0000000083800000, 0x0000000088c00000, 0x00000000d6800000)
  object space 86016K, 16% used [0x0000000083800000,0x00000000845fe9c8,0x0000000088c00000)
 Metaspace       used 20561K, capacity 21026K, committed 21248K, reserved 1069056K
  class space    used 2369K, capacity 2496K, committed 2560K, reserved 1048576K
}
Event: 3.321 GC heap before
{Heap before GC invocations=8 (full 1):
 PSYoungGen      total 141824K, used 5840K [0x00000000d6800000, 0x00000000e7d00000, 0x0000000100000000)
  eden space 130048K, 0% used [0x00000000d6800000,0x00000000d6800000,0x00000000de700000)
  from space 11776K, 49% used [0x00000000de700000,0x00000000decb42d8,0x00000000df280000)
  to   space 11776K, 0% used [0x00000000e7180000,0x00000000e7180000,0x00000000e7d00000)
 ParOldGen       total 86016K, used 14330K [0x0000000083800000, 0x0000000088c00000, 0x00000000d6800000)
  object space 86016K, 16% used [0x0000000083800000,0x00000000845fe9c8,0x0000000088c00000)
 Metaspace       used 20561K, capacity 21026K, committed 21248K, reserved 1069056K
  class space    used 2369K, capacity 2496K, committed 2560K, reserved 1048576K
Event: 3.359 GC heap after
Heap after GC invocations=8 (full 1):
 PSYoungGen      total 141824K, used 0K [0x00000000d6800000, 0x00000000e7d00000, 0x0000000100000000)
  eden space 130048K, 0% used [0x00000000d6800000,0x00000000d6800000,0x00000000de700000)
  from space 11776K, 0% used [0x00000000de700000,0x00000000de700000,0x00000000df280000)
  to   space 11776K, 0% used [0x00000000e7180000,0x00000000e7180000,0x00000000e7d00000)
 ParOldGen       total 55808K, used 13728K [0x0000000083800000, 0x0000000086e80000, 0x00000000d6800000)
  object space 55808K, 24% used [0x0000000083800000,0x00000000845683b8,0x0000000086e80000)
 Metaspace       used 20561K, capacity 21026K, committed 21248K, reserved 1069056K
  class space    used 2369K, capacity 2496K, committed 2560K, reserved 1048576K
}
Event: 4.133 GC heap before
{Heap before GC invocations=9 (full 1):
 PSYoungGen      total 141824K, used 130048K [0x00000000d6800000, 0x00000000e7d00000, 0x0000000100000000)
  eden space 130048K, 100% used [0x00000000d6800000,0x00000000de700000,0x00000000de700000)
  from space 11776K, 0% used [0x00000000de700000,0x00000000de700000,0x00000000df280000)
  to   space 11776K, 0% used [0x00000000e7180000,0x00000000e7180000,0x00000000e7d00000)
 ParOldGen       total 55808K, used 13728K [0x0000000083800000, 0x0000000086e80000, 0x00000000d6800000)
  object space 55808K, 24% used [0x0000000083800000,0x00000000845683b8,0x0000000086e80000)
 Metaspace       used 24360K, capacity 24934K, committed 25344K, reserved 1071104K
  class space    used 2808K, capacity 2967K, committed 3072K, reserved 1048576K
Event: 4.153 GC heap after
Heap after GC invocations=9 (full 1):
 PSYoungGen      total 253952K, used 11756K [0x00000000d6800000, 0x00000000e7d00000, 0x0000000100000000)
  eden space 242176K, 0% used [0x00000000d6800000,0x00000000d6800000,0x00000000e5480000)
  from space 11776K, 99% used [0x00000000e7180000,0x00000000e7cfb240,0x00000000e7d00000)
  to   space 16384K, 0% used [0x00000000e5d00000,0x00000000e5d00000,0x00000000e6d00000)
 ParOldGen       total 55808K, used 21998K [0x0000000083800000, 0x0000000086e80000, 0x00000000d6800000)
  object space 55808K, 39% used [0x0000000083800000,0x0000000084d7ba00,0x0000000086e80000)
 Metaspace       used 24360K, capacity 24934K, committed 25344K, reserved 1071104K
  class space    used 2808K, capacity 2967K, committed 3072K, reserved 1048576K
}

